<?xml version="1.0" encoding="UTF-8"?>
<testsuite name="net.junhabaek.springtestexercise.order.application.CreateBuyOrderValidationTest" tests="3" skipped="0" failures="0" errors="0" timestamp="2025-05-01T21:02:51.505Z" hostname="DESKTOP-L9FGKEQ" time="0.524">
  <properties/>
  <testcase name="Given_LongTokenName_When_ValidatingCommand_Then_SizeConstraintViolationReturned()" classname="net.junhabaek.springtestexercise.order.application.CreateBuyOrderValidationTest" time="0.511"/>
  <testcase name="Given_ValidCommand_When_ValidateIt_Then_NoneOfConstraintViolationReturned()" classname="net.junhabaek.springtestexercise.order.application.CreateBuyOrderValidationTest" time="0.003"/>
  <testcase name="Given_EmptyTokenName_When_ValidatingCommand_Then_SizeConstraintViolationReturned()" classname="net.junhabaek.springtestexercise.order.application.CreateBuyOrderValidationTest" time="0.002"/>
  <system-out><![CDATA[06:02:51.103 [Test worker] INFO org.hibernate.validator.internal.util.Version -- HV000001: Hibernate Validator 8.0.2.Final
]]></system-out>
  <system-err><![CDATA[]]></system-err>
</testsuite>
